<testsuites id="" name="" tests="66" failures="7" skipped="0" errors="0" time="32.367114">
<testsuite name="site-functionality.spec.js" timestamp="2025-09-07T23:14:49.729Z" hostname="chromium" tests="22" failures="2" skipped="0" time="21.934" errors="0">
<testcase name="Homepage Functionality › loads homepage successfully" classname="site-functionality.spec.js" time="0.52">
</testcase>
<testcase name="Homepage Functionality › has correct meta tags for SEO" classname="site-functionality.spec.js" time="0.592">
</testcase>
<testcase name="Homepage Functionality › navigation menu works correctly" classname="site-functionality.spec.js" time="0.57">
<failure message="site-functionality.spec.js:71:3 navigation menu works correctly" type="FAILURE">
<![CDATA[  [chromium] › site-functionality.spec.js:71:3 › Homepage Functionality › navigation menu works correctly 

    Error: expect.toBeVisible: Error: strict mode violation: getByRole('link', { name: /articles/i }) resolved to 2 elements:
        1) <a href="/articles" data-astro-cid-37fxchfa="" data-astro-source-loc="128:35" data-astro-source-file="/Users/gianlucamazza/Workspace/website_ai-knowledge/apps/site/src/layouts/BaseLayout.astro">Articles</a> aka getByRole('link', { name: 'Articles', exact: true })
        2) <a href="/articles" class="cta-secondary" data-astro-cid-j7pv25f6="" data-astro-source-loc="26:49" data-astro-source-file="/Users/gianlucamazza/Workspace/website_ai-knowledge/apps/site/src/pages/index.astro">Read Articles</a> aka getByRole('link', { name: 'Read Articles' })

    Call log:
      - Expect "toBeVisible" with timeout 10000ms
      - waiting for getByRole('link', { name: /articles/i })


      72 |     // Test Articles link
      73 |     const articlesLink = page.getByRole('link', { name: /articles/i })
    > 74 |     await expect(articlesLink).toBeVisible()
         |                                ^
      75 |     await articlesLink.click()
      76 |     await expect(page).toHaveURL(/\/articles/i)
      77 |     
        at /Users/gianlucamazza/Workspace/website_ai-knowledge/apps/site/tests/e2e/site-functionality.spec.js:74:32

    attachment #1: screenshot (image/png) ──────────────────────────────────────────────────────────
    ../../test-results/site-functionality-Homepag-fa66a-gation-menu-works-correctly-chromium/test-failed-1.png
    ────────────────────────────────────────────────────────────────────────────────────────────────

    attachment #2: video (video/webm) ──────────────────────────────────────────────────────────────
    ../../test-results/site-functionality-Homepag-fa66a-gation-menu-works-correctly-chromium/video.webm
    ────────────────────────────────────────────────────────────────────────────────────────────────

    Error Context: ../../test-results/site-functionality-Homepag-fa66a-gation-menu-works-correctly-chromium/error-context.md
]]>
</failure>
<system-out>
<![CDATA[
[[ATTACHMENT|test-results/site-functionality-Homepag-fa66a-gation-menu-works-correctly-chromium/test-failed-1.png]]

[[ATTACHMENT|test-results/site-functionality-Homepag-fa66a-gation-menu-works-correctly-chromium/video.webm]]

[[ATTACHMENT|test-results/site-functionality-Homepag-fa66a-gation-menu-works-correctly-chromium/error-context.md]]
]]>
</system-out>
</testcase>
<testcase name="Homepage Functionality › search functionality is accessible" classname="site-functionality.spec.js" time="0.543">
</testcase>
<testcase name="Homepage Functionality › responsive design works on mobile" classname="site-functionality.spec.js" time="0.618">
</testcase>
<testcase name="Articles Page › articles page loads and displays content" classname="site-functionality.spec.js" time="0.341">
</testcase>
<testcase name="Articles Page › article filtering and sorting works" classname="site-functionality.spec.js" time="0.338">
</testcase>
<testcase name="Articles Page › pagination works if present" classname="site-functionality.spec.js" time="0.302">
</testcase>
<testcase name="Articles Page › article card interaction" classname="site-functionality.spec.js" time="0.31">
</testcase>
<testcase name="Article Detail Page › article detail page renders correctly" classname="site-functionality.spec.js" time="0.649">
</testcase>
<testcase name="Article Detail Page › article navigation and related content" classname="site-functionality.spec.js" time="0.624">
</testcase>
<testcase name="Article Detail Page › social sharing functionality" classname="site-functionality.spec.js" time="0.609">
</testcase>
<testcase name="Glossary Functionality › glossary page loads and displays terms" classname="site-functionality.spec.js" time="0.295">
</testcase>
<testcase name="Glossary Functionality › glossary search and filtering" classname="site-functionality.spec.js" time="0.288">
</testcase>
<testcase name="Glossary Functionality › alphabetical navigation works" classname="site-functionality.spec.js" time="0.927">
</testcase>
<testcase name="Glossary Term Detail › glossary term page renders correctly" classname="site-functionality.spec.js" time="11.052">
<failure message="site-functionality.spec.js:380:3 glossary term page renders correctly" type="FAILURE">
<![CDATA[  [chromium] › site-functionality.spec.js:380:3 › Glossary Term Detail › glossary term page renders correctly 

    Error: expect(locator).toBeVisible() failed

    Locator:  getByTestId('definition').or(locator('[data-definition], .definition'))
    Expected: visible
    Received: <element(s) not found>
    Timeout:  10000ms

    Call log:
      - Expect "toBeVisible" with timeout 10000ms
      - waiting for getByTestId('definition').or(locator('[data-definition], .definition'))


      395 |         page.locator('[data-definition], .definition')
      396 |       )
    > 397 |       await expect(definition).toBeVisible()
          |                                ^
      398 |       
      399 |       // Check examples if present
      400 |       const examples = page.getByTestId('examples').or(
        at /Users/gianlucamazza/Workspace/website_ai-knowledge/apps/site/tests/e2e/site-functionality.spec.js:397:32

    attachment #1: screenshot (image/png) ──────────────────────────────────────────────────────────
    ../../test-results/site-functionality-Glossar-8a4de-term-page-renders-correctly-chromium/test-failed-1.png
    ────────────────────────────────────────────────────────────────────────────────────────────────

    attachment #2: video (video/webm) ──────────────────────────────────────────────────────────────
    ../../test-results/site-functionality-Glossar-8a4de-term-page-renders-correctly-chromium/video.webm
    ────────────────────────────────────────────────────────────────────────────────────────────────

    Error Context: ../../test-results/site-functionality-Glossar-8a4de-term-page-renders-correctly-chromium/error-context.md
]]>
</failure>
<system-out>
<![CDATA[
[[ATTACHMENT|test-results/site-functionality-Glossar-8a4de-term-page-renders-correctly-chromium/test-failed-1.png]]

[[ATTACHMENT|test-results/site-functionality-Glossar-8a4de-term-page-renders-correctly-chromium/video.webm]]

[[ATTACHMENT|test-results/site-functionality-Glossar-8a4de-term-page-renders-correctly-chromium/error-context.md]]
]]>
</system-out>
</testcase>
<testcase name="Search Functionality › global search works across content types" classname="site-functionality.spec.js" time="0.389">
</testcase>
<testcase name="Search Functionality › search result interaction" classname="site-functionality.spec.js" time="0.352">
</testcase>
<testcase name="Performance and Accessibility › page loads within acceptable time" classname="site-functionality.spec.js" time="0.843">
</testcase>
<testcase name="Performance and Accessibility › has no accessibility violations on key pages" classname="site-functionality.spec.js" time="0.367">
</testcase>
<testcase name="Performance and Accessibility › works with keyboard navigation" classname="site-functionality.spec.js" time="0.863">
</testcase>
<testcase name="Performance and Accessibility › responsive design works across viewports" classname="site-functionality.spec.js" time="0.542">
</testcase>
</testsuite>
<testsuite name="site-functionality.spec.js" timestamp="2025-09-07T23:14:49.729Z" hostname="firefox" tests="22" failures="2" skipped="0" time="31.651" errors="0">
<testcase name="Homepage Functionality › loads homepage successfully" classname="site-functionality.spec.js" time="1.714">
</testcase>
<testcase name="Homepage Functionality › has correct meta tags for SEO" classname="site-functionality.spec.js" time="1.493">
</testcase>
<testcase name="Homepage Functionality › navigation menu works correctly" classname="site-functionality.spec.js" time="1.756">
<failure message="site-functionality.spec.js:71:3 navigation menu works correctly" type="FAILURE">
<![CDATA[  [firefox] › site-functionality.spec.js:71:3 › Homepage Functionality › navigation menu works correctly 

    Error: expect.toBeVisible: Error: strict mode violation: getByRole('link', { name: /articles/i }) resolved to 2 elements:
        1) <a href="/articles" data-astro-cid-37fxchfa="">Articles</a> aka getByRole('link', { name: 'Articles', exact: true })
        2) <a href="/articles" class="cta-secondary" data-astro-cid-j7pv25f6="">Read Articles</a> aka getByRole('link', { name: 'Read Articles' })

    Call log:
      - Expect "toBeVisible" with timeout 10000ms
      - waiting for getByRole('link', { name: /articles/i })


      72 |     // Test Articles link
      73 |     const articlesLink = page.getByRole('link', { name: /articles/i })
    > 74 |     await expect(articlesLink).toBeVisible()
         |                                ^
      75 |     await articlesLink.click()
      76 |     await expect(page).toHaveURL(/\/articles/i)
      77 |     
        at /Users/gianlucamazza/Workspace/website_ai-knowledge/apps/site/tests/e2e/site-functionality.spec.js:74:32

    attachment #1: screenshot (image/png) ──────────────────────────────────────────────────────────
    ../../test-results/site-functionality-Homepag-fa66a-gation-menu-works-correctly-firefox/test-failed-1.png
    ────────────────────────────────────────────────────────────────────────────────────────────────

    attachment #2: video (video/webm) ──────────────────────────────────────────────────────────────
    ../../test-results/site-functionality-Homepag-fa66a-gation-menu-works-correctly-firefox/video.webm
    ────────────────────────────────────────────────────────────────────────────────────────────────

    Error Context: ../../test-results/site-functionality-Homepag-fa66a-gation-menu-works-correctly-firefox/error-context.md
]]>
</failure>
<system-out>
<![CDATA[
[[ATTACHMENT|test-results/site-functionality-Homepag-fa66a-gation-menu-works-correctly-firefox/test-failed-1.png]]

[[ATTACHMENT|test-results/site-functionality-Homepag-fa66a-gation-menu-works-correctly-firefox/video.webm]]

[[ATTACHMENT|test-results/site-functionality-Homepag-fa66a-gation-menu-works-correctly-firefox/error-context.md]]
]]>
</system-out>
</testcase>
<testcase name="Homepage Functionality › search functionality is accessible" classname="site-functionality.spec.js" time="1.721">
</testcase>
<testcase name="Homepage Functionality › responsive design works on mobile" classname="site-functionality.spec.js" time="1.169">
</testcase>
<testcase name="Articles Page › articles page loads and displays content" classname="site-functionality.spec.js" time="0.855">
</testcase>
<testcase name="Articles Page › article filtering and sorting works" classname="site-functionality.spec.js" time="0.755">
</testcase>
<testcase name="Articles Page › pagination works if present" classname="site-functionality.spec.js" time="0.642">
</testcase>
<testcase name="Articles Page › article card interaction" classname="site-functionality.spec.js" time="0.587">
</testcase>
<testcase name="Article Detail Page › article detail page renders correctly" classname="site-functionality.spec.js" time="0.822">
</testcase>
<testcase name="Article Detail Page › article navigation and related content" classname="site-functionality.spec.js" time="0.835">
</testcase>
<testcase name="Article Detail Page › social sharing functionality" classname="site-functionality.spec.js" time="0.84">
</testcase>
<testcase name="Glossary Functionality › glossary page loads and displays terms" classname="site-functionality.spec.js" time="1.26">
</testcase>
<testcase name="Glossary Functionality › glossary search and filtering" classname="site-functionality.spec.js" time="0.508">
</testcase>
<testcase name="Glossary Functionality › alphabetical navigation works" classname="site-functionality.spec.js" time="1.067">
</testcase>
<testcase name="Glossary Term Detail › glossary term page renders correctly" classname="site-functionality.spec.js" time="10.845">
<failure message="site-functionality.spec.js:380:3 glossary term page renders correctly" type="FAILURE">
<![CDATA[  [firefox] › site-functionality.spec.js:380:3 › Glossary Term Detail › glossary term page renders correctly 

    Error: expect(locator).toBeVisible() failed

    Locator:  getByTestId('definition').or(locator('[data-definition], .definition'))
    Expected: visible
    Received: <element(s) not found>
    Timeout:  10000ms

    Call log:
      - Expect "toBeVisible" with timeout 10000ms
      - waiting for getByTestId('definition').or(locator('[data-definition], .definition'))


      395 |         page.locator('[data-definition], .definition')
      396 |       )
    > 397 |       await expect(definition).toBeVisible()
          |                                ^
      398 |       
      399 |       // Check examples if present
      400 |       const examples = page.getByTestId('examples').or(
        at /Users/gianlucamazza/Workspace/website_ai-knowledge/apps/site/tests/e2e/site-functionality.spec.js:397:32

    attachment #1: screenshot (image/png) ──────────────────────────────────────────────────────────
    ../../test-results/site-functionality-Glossar-8a4de-term-page-renders-correctly-firefox/test-failed-1.png
    ────────────────────────────────────────────────────────────────────────────────────────────────

    attachment #2: video (video/webm) ──────────────────────────────────────────────────────────────
    ../../test-results/site-functionality-Glossar-8a4de-term-page-renders-correctly-firefox/video.webm
    ────────────────────────────────────────────────────────────────────────────────────────────────

    Error Context: ../../test-results/site-functionality-Glossar-8a4de-term-page-renders-correctly-firefox/error-context.md
]]>
</failure>
<system-out>
<![CDATA[
[[ATTACHMENT|test-results/site-functionality-Glossar-8a4de-term-page-renders-correctly-firefox/test-failed-1.png]]

[[ATTACHMENT|test-results/site-functionality-Glossar-8a4de-term-page-renders-correctly-firefox/video.webm]]

[[ATTACHMENT|test-results/site-functionality-Glossar-8a4de-term-page-renders-correctly-firefox/error-context.md]]
]]>
</system-out>
</testcase>
<testcase name="Search Functionality › global search works across content types" classname="site-functionality.spec.js" time="0.474">
</testcase>
<testcase name="Search Functionality › search result interaction" classname="site-functionality.spec.js" time="0.503">
</testcase>
<testcase name="Performance and Accessibility › page loads within acceptable time" classname="site-functionality.spec.js" time="0.97">
</testcase>
<testcase name="Performance and Accessibility › has no accessibility violations on key pages" classname="site-functionality.spec.js" time="0.714">
</testcase>
<testcase name="Performance and Accessibility › works with keyboard navigation" classname="site-functionality.spec.js" time="1.221">
</testcase>
<testcase name="Performance and Accessibility › responsive design works across viewports" classname="site-functionality.spec.js" time="0.9">
</testcase>
</testsuite>
<testsuite name="site-functionality.spec.js" timestamp="2025-09-07T23:14:49.729Z" hostname="webkit" tests="22" failures="3" skipped="0" time="34.465" errors="0">
<testcase name="Homepage Functionality › loads homepage successfully" classname="site-functionality.spec.js" time="1.117">
</testcase>
<testcase name="Homepage Functionality › has correct meta tags for SEO" classname="site-functionality.spec.js" time="0.798">
</testcase>
<testcase name="Homepage Functionality › navigation menu works correctly" classname="site-functionality.spec.js" time="0.811">
<failure message="site-functionality.spec.js:71:3 navigation menu works correctly" type="FAILURE">
<![CDATA[  [webkit] › site-functionality.spec.js:71:3 › Homepage Functionality › navigation menu works correctly 

    Error: expect.toBeVisible: Error: strict mode violation: getByRole('link', { name: /articles/i }) resolved to 2 elements:
        1) <a href="/articles" data-astro-cid-37fxchfa="" data-astro-source-loc="128:35" data-astro-source-file="/Users/gianlucamazza/Workspace/website_ai-knowledge/apps/site/src/layouts/BaseLayout.astro">Articles</a> aka getByRole('link', { name: 'Articles', exact: true })
        2) <a href="/articles" class="cta-secondary" data-astro-cid-j7pv25f6="" data-astro-source-loc="26:49" data-astro-source-file="/Users/gianlucamazza/Workspace/website_ai-knowledge/apps/site/src/pages/index.astro">Read Articles</a> aka getByRole('link', { name: 'Read Articles' })

    Call log:
      - Expect "toBeVisible" with timeout 10000ms
      - waiting for getByRole('link', { name: /articles/i })


      72 |     // Test Articles link
      73 |     const articlesLink = page.getByRole('link', { name: /articles/i })
    > 74 |     await expect(articlesLink).toBeVisible()
         |                                ^
      75 |     await articlesLink.click()
      76 |     await expect(page).toHaveURL(/\/articles/i)
      77 |     
        at /Users/gianlucamazza/Workspace/website_ai-knowledge/apps/site/tests/e2e/site-functionality.spec.js:74:32

    attachment #1: screenshot (image/png) ──────────────────────────────────────────────────────────
    ../../test-results/site-functionality-Homepag-fa66a-gation-menu-works-correctly-webkit/test-failed-1.png
    ────────────────────────────────────────────────────────────────────────────────────────────────

    attachment #2: video (video/webm) ──────────────────────────────────────────────────────────────
    ../../test-results/site-functionality-Homepag-fa66a-gation-menu-works-correctly-webkit/video.webm
    ────────────────────────────────────────────────────────────────────────────────────────────────

    Error Context: ../../test-results/site-functionality-Homepag-fa66a-gation-menu-works-correctly-webkit/error-context.md
]]>
</failure>
<system-out>
<![CDATA[
[[ATTACHMENT|test-results/site-functionality-Homepag-fa66a-gation-menu-works-correctly-webkit/test-failed-1.png]]

[[ATTACHMENT|test-results/site-functionality-Homepag-fa66a-gation-menu-works-correctly-webkit/video.webm]]

[[ATTACHMENT|test-results/site-functionality-Homepag-fa66a-gation-menu-works-correctly-webkit/error-context.md]]
]]>
</system-out>
</testcase>
<testcase name="Homepage Functionality › search functionality is accessible" classname="site-functionality.spec.js" time="0.749">
</testcase>
<testcase name="Homepage Functionality › responsive design works on mobile" classname="site-functionality.spec.js" time="0.578">
</testcase>
<testcase name="Articles Page › articles page loads and displays content" classname="site-functionality.spec.js" time="0.448">
</testcase>
<testcase name="Articles Page › article filtering and sorting works" classname="site-functionality.spec.js" time="0.575">
</testcase>
<testcase name="Articles Page › pagination works if present" classname="site-functionality.spec.js" time="0.452">
</testcase>
<testcase name="Articles Page › article card interaction" classname="site-functionality.spec.js" time="0.42">
</testcase>
<testcase name="Article Detail Page › article detail page renders correctly" classname="site-functionality.spec.js" time="0.725">
</testcase>
<testcase name="Article Detail Page › article navigation and related content" classname="site-functionality.spec.js" time="0.736">
</testcase>
<testcase name="Article Detail Page › social sharing functionality" classname="site-functionality.spec.js" time="0.748">
</testcase>
<testcase name="Glossary Functionality › glossary page loads and displays terms" classname="site-functionality.spec.js" time="0.432">
</testcase>
<testcase name="Glossary Functionality › glossary search and filtering" classname="site-functionality.spec.js" time="0.432">
</testcase>
<testcase name="Glossary Functionality › alphabetical navigation works" classname="site-functionality.spec.js" time="1.022">
</testcase>
<testcase name="Glossary Term Detail › glossary term page renders correctly" classname="site-functionality.spec.js" time="10.744">
<failure message="site-functionality.spec.js:380:3 glossary term page renders correctly" type="FAILURE">
<![CDATA[  [webkit] › site-functionality.spec.js:380:3 › Glossary Term Detail › glossary term page renders correctly 

    Error: expect(locator).toBeVisible() failed

    Locator:  getByTestId('definition').or(locator('[data-definition], .definition'))
    Expected: visible
    Received: <element(s) not found>
    Timeout:  10000ms

    Call log:
      - Expect "toBeVisible" with timeout 10000ms
      - waiting for getByTestId('definition').or(locator('[data-definition], .definition'))


      395 |         page.locator('[data-definition], .definition')
      396 |       )
    > 397 |       await expect(definition).toBeVisible()
          |                                ^
      398 |       
      399 |       // Check examples if present
      400 |       const examples = page.getByTestId('examples').or(
        at /Users/gianlucamazza/Workspace/website_ai-knowledge/apps/site/tests/e2e/site-functionality.spec.js:397:32

    attachment #1: screenshot (image/png) ──────────────────────────────────────────────────────────
    ../../test-results/site-functionality-Glossar-8a4de-term-page-renders-correctly-webkit/test-failed-1.png
    ────────────────────────────────────────────────────────────────────────────────────────────────

    attachment #2: video (video/webm) ──────────────────────────────────────────────────────────────
    ../../test-results/site-functionality-Glossar-8a4de-term-page-renders-correctly-webkit/video.webm
    ────────────────────────────────────────────────────────────────────────────────────────────────

    Error Context: ../../test-results/site-functionality-Glossar-8a4de-term-page-renders-correctly-webkit/error-context.md
]]>
</failure>
<system-out>
<![CDATA[
[[ATTACHMENT|test-results/site-functionality-Glossar-8a4de-term-page-renders-correctly-webkit/test-failed-1.png]]

[[ATTACHMENT|test-results/site-functionality-Glossar-8a4de-term-page-renders-correctly-webkit/video.webm]]

[[ATTACHMENT|test-results/site-functionality-Glossar-8a4de-term-page-renders-correctly-webkit/error-context.md]]
]]>
</system-out>
</testcase>
<testcase name="Search Functionality › global search works across content types" classname="site-functionality.spec.js" time="0.507">
</testcase>
<testcase name="Search Functionality › search result interaction" classname="site-functionality.spec.js" time="0.483">
</testcase>
<testcase name="Performance and Accessibility › page loads within acceptable time" classname="site-functionality.spec.js" time="0.985">
</testcase>
<testcase name="Performance and Accessibility › has no accessibility violations on key pages" classname="site-functionality.spec.js" time="0.511">
</testcase>
<testcase name="Performance and Accessibility › works with keyboard navigation" classname="site-functionality.spec.js" time="10.485">
<failure message="site-functionality.spec.js:523:3 works with keyboard navigation" type="FAILURE">
<![CDATA[  [webkit] › site-functionality.spec.js:523:3 › Performance and Accessibility › works with keyboard navigation 

    Error: expect(locator).toBeVisible() failed

    Locator:  locator(':focus')
    Expected: visible
    Received: <element(s) not found>
    Timeout:  10000ms

    Call log:
      - Expect "toBeVisible" with timeout 10000ms
      - waiting for locator(':focus')


      529 |     // Should focus on first focusable element
      530 |     const focusedElement = page.locator(':focus')
    > 531 |     await expect(focusedElement).toBeVisible()
          |                                  ^
      532 |     
      533 |     // Continue tabbing through navigation
      534 |     for (let i = 0; i < 5; i++) {
        at /Users/gianlucamazza/Workspace/website_ai-knowledge/apps/site/tests/e2e/site-functionality.spec.js:531:34

    attachment #1: screenshot (image/png) ──────────────────────────────────────────────────────────
    ../../test-results/site-functionality-Perform-c9339-ks-with-keyboard-navigation-webkit/test-failed-1.png
    ────────────────────────────────────────────────────────────────────────────────────────────────

    attachment #2: video (video/webm) ──────────────────────────────────────────────────────────────
    ../../test-results/site-functionality-Perform-c9339-ks-with-keyboard-navigation-webkit/video.webm
    ────────────────────────────────────────────────────────────────────────────────────────────────

    Error Context: ../../test-results/site-functionality-Perform-c9339-ks-with-keyboard-navigation-webkit/error-context.md
]]>
</failure>
<system-out>
<![CDATA[
[[ATTACHMENT|test-results/site-functionality-Perform-c9339-ks-with-keyboard-navigation-webkit/test-failed-1.png]]

[[ATTACHMENT|test-results/site-functionality-Perform-c9339-ks-with-keyboard-navigation-webkit/video.webm]]

[[ATTACHMENT|test-results/site-functionality-Perform-c9339-ks-with-keyboard-navigation-webkit/error-context.md]]
]]>
</system-out>
</testcase>
<testcase name="Performance and Accessibility › responsive design works across viewports" classname="site-functionality.spec.js" time="0.707">
</testcase>
</testsuite>
</testsuites>